--2023-11-27 22:58:39--  https://www.ncbi.nlm.nih.gov/sviewer/viewer.cgi?db=nuccore&report=gff3&id=CP000253.1
Resolving www.ncbi.nlm.nih.gov (www.ncbi.nlm.nih.gov)... 130.14.29.110, 2607:f220:41e:4290::110
Connecting to www.ncbi.nlm.nih.gov (www.ncbi.nlm.nih.gov)|130.14.29.110|:443... connected.
HTTP request sent, awaiting response... 200 OK
Length: unspecified [text/plain]
Saving to: ‘genome/reference.gff’

     0K .......... .......... .......... .......... .......... 66.6K
    50K .......... .......... .......... .......... .......... 52.0K
   100K .......... .......... .......... .......... .......... 71.0K
   150K .......... .......... .......... .......... .......... 48.6K
   200K .......... .......... .......... .......... .......... 60.2K
   250K .......... .......... .......... .......... .......... 54.4K
   300K .......... .......... .......... .......... .......... 52.4K
   350K .......... .......... .......... .......... .......... 49.5K
   400K .......... .......... .......... .......... .......... 58.4K
   450K .......... .......... .......... .......... .......... 43.9K
   500K .......... .......... .......... .......... .......... 59.7K
   550K .......... .......... .......... .......... .......... 51.8K
   600K .......... .......... .......... .......... .......... 67.3K
   650K .......... .......... .......... .......... .......... 51.7K
   700K .......... .......... .......... .......... .......... 56.7K
   750K .......... .......... .......... .......... .......... 76.1K
   800K .......... .......... .......... .......... ..........  111K
   850K .......... .......... .......... .......... .......... 55.6K
   900K .......... .......... .......... .......... .......... 65.9K
   950K .......... .......... .......... .......... .......... 44.6K
  1000K .......... .......... .......... .......... .......... 13.9K
  1050K .......... .......... .......... .......... .......... 43.9K
  1100K .......... .......... .......... .......... .......... 56.6K
  1150K .......... .......... .......... .......... .......... 60.1K
  1200K .......... .......... .......... .......... .......... 60.5K
  1250K .......                                                53.6K=25s

2023-11-27 22:59:05 (50.6 KB/s) - ‘genome/reference.gff’ saved [1287491]

