Building DAG of jobs...
Using shell: /usr/bin/bash
Provided cores: 8
Rules claiming more threads will be scaled down.
Singularity containers: ignored
Job stats:
job         count    min threads    max threads
--------  -------  -------------  -------------
indexing        1              1              1
total           1              1              1

Select jobs to execute...

[Wed Nov 15 01:03:06 2023]
rule indexing:
    input: genome/reference.fasta
    output: index/indexation
    jobid: 0
    resources: tmpdir=/tmp

[Wed Nov 15 01:03:06 2023]
Error in rule indexing:
    jobid: 0
    output: index/indexation
    shell:
        bowtie-build genome/reference.fasta index/indexation
        (one of the commands exited with non-zero exit code; note that snakemake uses bash strict mode!)

Shutting down, this might take some time.
Exiting because a job execution failed. Look above for error message
Complete log: /home/ubuntu/Reprohackathon2023/.snakemake/log/2023-11-15T010305.867045.snakemake.log
