Building DAG of jobs...
Using shell: /usr/bin/bash
Provided cores: 8
Rules claiming more threads will be scaled down.
Singularity containers: ignored
Job stats:
job       count    min threads    max threads
------  -------  -------------  -------------
genome        1              1              1
total         1              1              1

Select jobs to execute...

[Wed Nov 15 01:46:55 2023]
rule genome:
    output: genome/reference.fasta
    jobid: 0
    resources: tmpdir=/tmp

[Wed Nov 15 01:46:57 2023]
Finished job 0.
1 of 1 steps (100%) done
Complete log: /home/ubuntu/Reprohackathon2023/.snakemake/log/2023-11-15T014655.544263.snakemake.log
