Building DAG of jobs...
Using shell: /usr/bin/bash
Provided cores: 8
Rules claiming more threads will be scaled down.
Singularity containers: ignored
Job stats:
job         count    min threads    max threads
--------  -------  -------------  -------------
all             1              1              1
counting        1              1              1
total           2              1              1

Select jobs to execute...

[Wed Nov 15 01:27:32 2023]
rule counting:
    input: data_map/SRR10379721.bam, data_map/SRR10379722.bam, data_map/SRR10379723.bam, data_map/SRR10379724.bam, data_map/SRR10379725.bam, data_map/SRR10379726.bam, genome/reference.gff
    output: data_comptage/counts.txt
    jobid: 1
    resources: tmpdir=/tmp

[Wed Nov 15 01:27:32 2023]
Finished job 1.
1 of 2 steps (50%) done
Select jobs to execute...

[Wed Nov 15 01:27:32 2023]
localrule all:
    input: data_comptage/counts.txt
    jobid: 0
    resources: tmpdir=/tmp

[Wed Nov 15 01:27:32 2023]
Finished job 0.
2 of 2 steps (100%) done
Complete log: /home/ubuntu/Reprohackathon2023/.snakemake/log/2023-11-15T012731.796501.snakemake.log
