Building DAG of jobs...
Using shell: /usr/bin/bash
Provided cores: 1 (use --cores to define parallelism)
Rules claiming more threads will be scaled down.
Singularity containers: ignored
Job stats:
job        count    min threads    max threads
-------  -------  -------------  -------------
mapping        1              1              1
total          1              1              1

Select jobs to execute...

[Fri Nov  3 13:25:38 2023]
rule mapping:
    input: data40000trim/SRR10379721_trimmed.fq, data40000trim/SRR10379722_trimmed.fq, data40000trim/SRR10379723_trimmed.fq, data40000trim/SRR10379724_trimmed.fq, data40000trim/SRR10379725_trimmed.fq, data40000trim/SRR10379726_trimmed.fq
    output: data40000map/SRR10379721.bam, data40000map/SRR10379722.bam, data40000map/SRR10379723.bam, data40000map/SRR10379724.bam, data40000map/SRR10379725.bam, data40000map/SRR10379726.bam
    jobid: 0
    resources: tmpdir=/tmp

[Fri Nov  3 13:25:38 2023]
Error in rule mapping:
    jobid: 0
    output: data40000map/SRR10379721.bam, data40000map/SRR10379722.bam, data40000map/SRR10379723.bam, data40000map/SRR10379724.bam, data40000map/SRR10379725.bam, data40000map/SRR10379726.bam
    shell:
        
        bowtie -p 4 -S -x index/indexation data40000trim/SRR10379721_trimmed.fq data40000trim/SRR10379722_trimmed.fq data40000trim/SRR10379723_trimmed.fq data40000trim/SRR10379724_trimmed.fq data40000trim/SRR10379725_trimmed.fq data40000trim/SRR10379726_trimmed.fq | samtools sort -@ 4 -o data40000map/SRR10379721.bam data40000map/SRR10379722.bam data40000map/SRR10379723.bam data40000map/SRR10379724.bam data40000map/SRR10379725.bam data40000map/SRR10379726.bam
        samtools index data40000map/SRR10379721.bam data40000map/SRR10379722.bam data40000map/SRR10379723.bam data40000map/SRR10379724.bam data40000map/SRR10379725.bam data40000map/SRR10379726.bam
        
        (one of the commands exited with non-zero exit code; note that snakemake uses bash strict mode!)

Shutting down, this might take some time.
Exiting because a job execution failed. Look above for error message
Complete log: /home/ubuntu/Reprohackathon2023/.snakemake/log/2023-11-03T132538.185259.snakemake.log
