Building DAG of jobs...
Using shell: /usr/bin/bash
Provided cores: 1 (use --cores to define parallelism)
Rules claiming more threads will be scaled down.
Singularity containers: ignored
Job stats:
job               count    min threads    max threads
--------------  -------  -------------  -------------
annotation_gen        1              1              1
total                 1              1              1

Select jobs to execute...

[Fri Nov  3 13:33:24 2023]
rule annotation_gen:
    output: reference/genome.gff
    jobid: 0
    resources: tmpdir=/tmp

[Fri Nov  3 13:33:49 2023]
Finished job 0.
1 of 1 steps (100%) done
Complete log: /home/ubuntu/Reprohackathon2023/.snakemake/log/2023-11-03T133324.490143.snakemake.log
