Building DAG of jobs...
Using shell: /usr/bin/bash
Provided cores: 8
Rules claiming more threads will be scaled down.
Singularity containers: ignored
Job stats:
job         count    min threads    max threads
--------  -------  -------------  -------------
all             1              1              1
counting        1              1              1
indexing        1              1              1
mapping         6              1              1
trimming        6              1              1
total          15              1              1

Select jobs to execute...

[Wed Nov 15 01:12:18 2023]
rule trimming:
    input: data40000/SRR10379721.fastq
    output: data_trim/SRR10379721_trimmed.fq
    jobid: 5
    wildcards: sample=SRR10379721
    resources: tmpdir=/tmp


[Wed Nov 15 01:12:18 2023]
rule indexing:
    input: genome/reference.fasta
    output: index/indexation
    jobid: 3
    resources: tmpdir=/tmp


[Wed Nov 15 01:12:18 2023]
rule trimming:
    input: data40000/SRR10379723.fastq
    output: data_trim/SRR10379723_trimmed.fq
    jobid: 9
    wildcards: sample=SRR10379723
    resources: tmpdir=/tmp


[Wed Nov 15 01:12:18 2023]
rule trimming:
    input: data40000/SRR10379722.fastq
    output: data_trim/SRR10379722_trimmed.fq
    jobid: 7
    wildcards: sample=SRR10379722
    resources: tmpdir=/tmp


[Wed Nov 15 01:12:18 2023]
rule trimming:
    input: data40000/SRR10379724.fastq
    output: data_trim/SRR10379724_trimmed.fq
    jobid: 11
    wildcards: sample=SRR10379724
    resources: tmpdir=/tmp


[Wed Nov 15 01:12:18 2023]
rule trimming:
    input: data40000/SRR10379725.fastq
    output: data_trim/SRR10379725_trimmed.fq
    jobid: 13
    wildcards: sample=SRR10379725
    resources: tmpdir=/tmp


[Wed Nov 15 01:12:18 2023]
rule trimming:
    input: data40000/SRR10379726.fastq
    output: data_trim/SRR10379726_trimmed.fq
    jobid: 15
    wildcards: sample=SRR10379726
    resources: tmpdir=/tmp

[Wed Nov 15 01:12:19 2023]
Finished job 7.
1 of 15 steps (7%) done
[Wed Nov 15 01:12:19 2023]
Finished job 13.
2 of 15 steps (13%) done
[Wed Nov 15 01:12:19 2023]
Finished job 9.
3 of 15 steps (20%) done
[Wed Nov 15 01:12:19 2023]
Finished job 11.
4 of 15 steps (27%) done
[Wed Nov 15 01:12:19 2023]
Finished job 5.
5 of 15 steps (33%) done
[Wed Nov 15 01:12:19 2023]
Finished job 15.
6 of 15 steps (40%) done
Waiting at most 5 seconds for missing files.
MissingOutputException in line 27 of /home/ubuntu/Reprohackathon2023/Snakefile:
Job Missing files after 5 seconds:
index/indexation
This might be due to filesystem latency. If that is the case, consider to increase the wait time with --latency-wait.
Job id: 3 completed successfully, but some output files are missing. 3
Shutting down, this might take some time.
Exiting because a job execution failed. Look above for error message
Complete log: /home/ubuntu/Reprohackathon2023/.snakemake/log/2023-11-15T011218.207514.snakemake.log
