Multicore support not enabled. Proceeding with single-core trimming.
Path to Cutadapt set as: 'cutadapt' (default)
Cutadapt seems to be working fine (tested command 'cutadapt --version')
Cutadapt version: 2.8
single-core operation.
Proceeding with 'gzip' for decompression
To decrease CPU usage of decompression, please install 'igzip' and run again

Output will be written into the directory: /home/ubuntu/Reprohackathon2023/workflow/data_trim/


AUTO-DETECTING ADAPTER TYPE
===========================
Attempting to auto-detect adapter type from the first 1 million sequences of the first file (>> data/SRR10379726.fastq <<)

Found perfect matches for the following adapter sequences:
Adapter type	Count	Sequence	Sequences analysed	Percentage
Illumina	0	AGATCGGAAGAGC	1000000	0.00
smallRNA	0	TGGAATTCTCGG	1000000	0.00
Nextera	0	CTGTCTCTTATA	1000000	0.00
Unable to auto-detect most prominent adapter from the first specified file (count Illumina: 0, count smallRNA: 0, count Nextera: 0)
Defaulting to Illumina universal adapter ( AGATCGGAAGAGC ). Specify -a SEQUENCE to avoid this behavior).

Writing report to '/home/ubuntu/Reprohackathon2023/workflow/data_trim/SRR10379726.fastq_trimming_report.txt'

SUMMARISING RUN PARAMETERS
==========================
Input filename: data/SRR10379726.fastq
Trimming mode: single-end
Trim Galore version: 0.6.10
Cutadapt version: 2.8
Number of cores used for trimming: 1
Quality Phred score cutoff: 20
Quality encoding type selected: ASCII+33
Adapter sequence: 'AGATCGGAAGAGC' (Illumina TruSeq, Sanger iPCR; default (inconclusive auto-detection))
Maximum trimming error rate: 0.1 (default)
Minimum required adapter overlap (stringency): 1 bp
Minimum required sequence length before a sequence gets removed: 25 bp

Cutadapt seems to be fairly up-to-date (version 2.8). Setting -j 1
Writing final adapter and quality trimmed output to SRR10379726_trimmed.fq


  >>> Now performing quality (cutoff '-q 20') and adapter trimming in a single pass for the adapter sequence: 'AGATCGGAAGAGC' from file data/SRR10379726.fastq <<< 
10000000 sequences processed
20000000 sequences processed
This is cutadapt 2.8 with Python 3.8.10
Command line parameters: -j 1 -e 0.1 -q 20 -O 1 -a AGATCGGAAGAGC data/SRR10379726.fastq
Processing reads on 1 core in single-end mode ...
Finished in 188.09 s (7 us/read; 8.62 M reads/minute).

=== Summary ===

Total reads processed:              27,021,746
Reads with adapters:                 7,528,780 (27.9%)
Reads written (passing filters):    27,021,746 (100.0%)

Total basepairs processed: 1,756,413,490 bp
Quality-trimmed:                 876,604 bp (0.0%)
Total written (filtered):  1,742,483,772 bp (99.2%)

=== Adapter 1 ===

Sequence: AGATCGGAAGAGC; Type: regular 3'; Length: 13; Trimmed: 7528780 times; Reverse-complemented: 0 times

No. of allowed errors:
0-9 bp: 0; 10-13 bp: 1

Bases preceding removed adapters:
  A: 33.3%
  C: 27.7%
  G: 27.6%
  T: 11.3%
  none/other: 0.0%

Overview of removed sequences
length	count	expect	max.err	error counts
1	2570148	6755436.5	0	2570148
2	4645865	1688859.1	0	4645865
3	124236	422214.8	0	124236
4	138831	105553.7	0	138831
5	45930	26388.4	0	45930
6	1437	6597.1	0	1437
7	141	1649.3	0	141
8	15	412.3	0	15
9	1585	103.1	0	28 1557
10	298	25.8	1	2 296
11	141	6.4	1	2 139
12	14	1.6	1	1 13
13	8	0.4	1	1 7
14	3	0.4	1	0 3
15	14	0.4	1	3 11
16	5	0.4	1	0 5
17	6	0.4	1	0 6
18	4	0.4	1	0 4
19	1	0.4	1	0 1
21	2	0.4	1	0 2
22	2	0.4	1	2
23	2	0.4	1	0 2
24	7	0.4	1	0 7
25	1	0.4	1	0 1
26	3	0.4	1	0 3
27	1	0.4	1	0 1
28	1	0.4	1	0 1
29	1	0.4	1	0 1
30	3	0.4	1	0 3
31	1	0.4	1	0 1
33	4	0.4	1	0 4
34	3	0.4	1	0 3
35	4	0.4	1	0 4
36	1	0.4	1	0 1
37	3	0.4	1	0 3
38	3	0.4	1	0 3
39	2	0.4	1	0 2
41	1	0.4	1	0 1
42	2	0.4	1	0 2
43	2	0.4	1	0 2
45	1	0.4	1	0 1
46	2	0.4	1	0 2
47	3	0.4	1	0 3
48	3	0.4	1	0 3
49	2	0.4	1	0 2
50	2	0.4	1	0 2
51	2	0.4	1	0 2
52	4	0.4	1	0 4
53	1	0.4	1	0 1
55	3	0.4	1	0 3
56	3	0.4	1	0 3
57	5	0.4	1	0 5
58	3	0.4	1	0 3
59	1	0.4	1	0 1
60	3	0.4	1	0 3
61	4	0.4	1	0 4
62	2	0.4	1	0 2
63	3	0.4	1	0 3
64	1	0.4	1	0 1
65	1	0.4	1	0 1

RUN STATISTICS FOR INPUT FILE: data/SRR10379726.fastq
=============================================
27021746 sequences processed in total
Sequences removed because they became shorter than the length cutoff of 25 bp:	357 (0.0%)

