Multicore support not enabled. Proceeding with single-core trimming.
Path to Cutadapt set as: 'cutadapt' (default)
Cutadapt seems to be working fine (tested command 'cutadapt --version')
Cutadapt version: 2.8
single-core operation.
Proceeding with 'gzip' for decompression
To decrease CPU usage of decompression, please install 'igzip' and run again

Output will be written into the directory: /home/ubuntu/Reprohackathon2023/workflow/data_trim/


AUTO-DETECTING ADAPTER TYPE
===========================
Attempting to auto-detect adapter type from the first 1 million sequences of the first file (>> data/SRR10379721.fastq <<)

Found perfect matches for the following adapter sequences:
Adapter type	Count	Sequence	Sequences analysed	Percentage
smallRNA	0	TGGAATTCTCGG	1000000	0.00
Nextera	0	CTGTCTCTTATA	1000000	0.00
Illumina	0	AGATCGGAAGAGC	1000000	0.00
Unable to auto-detect most prominent adapter from the first specified file (count smallRNA: 0, count Nextera: 0, count Illumina: 0)
Defaulting to Illumina universal adapter ( AGATCGGAAGAGC ). Specify -a SEQUENCE to avoid this behavior).

Writing report to '/home/ubuntu/Reprohackathon2023/workflow/data_trim/SRR10379721.fastq_trimming_report.txt'

SUMMARISING RUN PARAMETERS
==========================
Input filename: data/SRR10379721.fastq
Trimming mode: single-end
Trim Galore version: 0.6.10
Cutadapt version: 2.8
Number of cores used for trimming: 1
Quality Phred score cutoff: 20
Quality encoding type selected: ASCII+33
Adapter sequence: 'AGATCGGAAGAGC' (Illumina TruSeq, Sanger iPCR; default (inconclusive auto-detection))
Maximum trimming error rate: 0.1 (default)
Minimum required adapter overlap (stringency): 1 bp
Minimum required sequence length before a sequence gets removed: 25 bp

Cutadapt seems to be fairly up-to-date (version 2.8). Setting -j 1
Writing final adapter and quality trimmed output to SRR10379721_trimmed.fq


  >>> Now performing quality (cutoff '-q 20') and adapter trimming in a single pass for the adapter sequence: 'AGATCGGAAGAGC' from file data/SRR10379721.fastq <<< 
10000000 sequences processed
20000000 sequences processed
30000000 sequences processed
40000000 sequences processed
50000000 sequences processed
This is cutadapt 2.8 with Python 3.8.10
Command line parameters: -j 1 -e 0.1 -q 20 -O 1 -a AGATCGGAAGAGC data/SRR10379721.fastq
Processing reads on 1 core in single-end mode ...
Finished in 370.71 s (7 us/read; 8.40 M reads/minute).

=== Summary ===

Total reads processed:              51,906,500
Reads with adapters:                19,186,586 (37.0%)
Reads written (passing filters):    51,906,500 (100.0%)

Total basepairs processed: 3,373,922,500 bp
Quality-trimmed:               1,479,162 bp (0.0%)
Total written (filtered):  3,338,274,292 bp (98.9%)

=== Adapter 1 ===

Sequence: AGATCGGAAGAGC; Type: regular 3'; Length: 13; Trimmed: 19186586 times; Reverse-complemented: 0 times

No. of allowed errors:
0-9 bp: 0; 10-13 bp: 1

Bases preceding removed adapters:
  A: 41.5%
  C: 23.7%
  G: 20.7%
  T: 14.1%
  none/other: 0.0%

Overview of removed sequences
length	count	expect	max.err	error counts
1	5108965	12976625.0	0	5108965
2	13560682	3244156.2	0	13560682
3	215866	811039.1	0	215866
4	248703	202759.8	0	248703
5	43512	50689.9	0	43512
6	3533	12672.5	0	3533
7	650	3168.1	0	650
8	34	792.0	0	34
9	3162	198.0	0	28 3134
10	724	49.5	1	3 721
11	369	12.4	1	1 368
12	31	3.1	1	0 31
13	28	0.8	1	6 22
14	5	0.8	1	0 5
15	13	0.8	1	5 8
16	15	0.8	1	1 14
17	5	0.8	1	0 5
18	8	0.8	1	1 7
19	2	0.8	1	0 2
20	3	0.8	1	0 3
21	5	0.8	1	0 5
22	1	0.8	1	0 1
23	5	0.8	1	0 5
24	9	0.8	1	0 9
25	3	0.8	1	0 3
26	6	0.8	1	0 6
27	9	0.8	1	0 9
28	6	0.8	1	0 6
29	10	0.8	1	0 10
30	13	0.8	1	0 13
31	10	0.8	1	0 10
32	9	0.8	1	0 9
33	8	0.8	1	0 8
34	7	0.8	1	0 7
35	13	0.8	1	0 13
36	13	0.8	1	0 13
37	4	0.8	1	0 4
38	6	0.8	1	0 6
39	2	0.8	1	0 2
40	3	0.8	1	0 3
41	2	0.8	1	0 2
42	4	0.8	1	0 4
43	4	0.8	1	0 4
44	9	0.8	1	0 9
45	14	0.8	1	1 13
46	9	0.8	1	0 9
47	5	0.8	1	0 5
48	6	0.8	1	0 6
49	6	0.8	1	0 6
50	3	0.8	1	0 3
51	3	0.8	1	0 3
52	4	0.8	1	0 4
53	1	0.8	1	0 1
54	4	0.8	1	0 4
55	4	0.8	1	0 4
56	5	0.8	1	0 5
57	10	0.8	1	0 10
58	7	0.8	1	0 7
59	7	0.8	1	0 7
60	5	0.8	1	0 5
61	6	0.8	1	0 6
62	6	0.8	1	0 6
63	5	0.8	1	0 5
64	1	0.8	1	0 1
65	4	0.8	1	0 4

RUN STATISTICS FOR INPUT FILE: data/SRR10379721.fastq
=============================================
51906500 sequences processed in total
Sequences removed because they became shorter than the length cutoff of 25 bp:	792 (0.0%)

