Multicore support not enabled. Proceeding with single-core trimming.
Path to Cutadapt set as: 'cutadapt' (default)
Cutadapt seems to be working fine (tested command 'cutadapt --version')
Cutadapt version: 2.8
single-core operation.
Proceeding with 'gzip' for decompression
To decrease CPU usage of decompression, please install 'igzip' and run again

Output will be written into the directory: /home/ubuntu/Reprohackathon2023/workflow/data_trim/


AUTO-DETECTING ADAPTER TYPE
===========================
Attempting to auto-detect adapter type from the first 1 million sequences of the first file (>> data/SRR10379722.fastq <<)

Found perfect matches for the following adapter sequences:
Adapter type	Count	Sequence	Sequences analysed	Percentage
Nextera	1	CTGTCTCTTATA	1000000	0.00
Illumina	0	AGATCGGAAGAGC	1000000	0.00
smallRNA	0	TGGAATTCTCGG	1000000	0.00
Using Nextera adapter for trimming (count: 1). Second best hit was Illumina (count: 0)

Writing report to '/home/ubuntu/Reprohackathon2023/workflow/data_trim/SRR10379722.fastq_trimming_report.txt'

SUMMARISING RUN PARAMETERS
==========================
Input filename: data/SRR10379722.fastq
Trimming mode: single-end
Trim Galore version: 0.6.10
Cutadapt version: 2.8
Number of cores used for trimming: 1
Quality Phred score cutoff: 20
Quality encoding type selected: ASCII+33
Adapter sequence: 'CTGTCTCTTATA' (Nextera Transposase sequence; auto-detected)
Maximum trimming error rate: 0.1 (default)
Minimum required adapter overlap (stringency): 1 bp
Minimum required sequence length before a sequence gets removed: 25 bp

Cutadapt seems to be fairly up-to-date (version 2.8). Setting -j 1
Writing final adapter and quality trimmed output to SRR10379722_trimmed.fq


  >>> Now performing quality (cutoff '-q 20') and adapter trimming in a single pass for the adapter sequence: 'CTGTCTCTTATA' from file data/SRR10379722.fastq <<< 
10000000 sequences processed
20000000 sequences processed
30000000 sequences processed
40000000 sequences processed
This is cutadapt 2.8 with Python 3.8.10
Command line parameters: -j 1 -e 0.1 -q 20 -O 1 -a CTGTCTCTTATA data/SRR10379722.fastq
Processing reads on 1 core in single-end mode ...
Finished in 330.68 s (7 us/read; 8.02 M reads/minute).

=== Summary ===

Total reads processed:              44,202,702
Reads with adapters:                17,702,488 (40.0%)
Reads written (passing filters):    44,202,702 (100.0%)

Total basepairs processed: 2,873,175,630 bp
Quality-trimmed:               1,272,110 bp (0.0%)
Total written (filtered):  2,851,457,663 bp (99.2%)

=== Adapter 1 ===

Sequence: CTGTCTCTTATA; Type: regular 3'; Length: 12; Trimmed: 17702488 times; Reverse-complemented: 0 times

No. of allowed errors:
0-9 bp: 0; 10-12 bp: 1

Bases preceding removed adapters:
  A: 56.3%
  C: 14.7%
  G: 19.4%
  T: 9.6%
  none/other: 0.0%

Overview of removed sequences
length	count	expect	max.err	error counts
1	16120427	11050675.5	0	16120427
2	745498	2762668.9	0	745498
3	753493	690667.2	0	753493
4	25386	172666.8	0	25386
5	49748	43166.7	0	49748
6	1567	10791.7	0	1567
7	193	2697.9	0	193
8	160	674.5	0	160
9	239	168.6	0	197 42
10	172	42.2	1	10 162
11	260	10.5	1	87 173
12	51	2.6	1	0 51
13	57	2.6	1	0 57
14	27	2.6	1	0 27
15	66	2.6	1	0 66
16	40	2.6	1	0 40
17	18	2.6	1	0 18
18	149	2.6	1	1 148
19	15	2.6	1	0 15
20	24	2.6	1	0 24
21	30	2.6	1	0 30
22	20	2.6	1	0 20
23	187	2.6	1	0 187
24	34	2.6	1	0 34
25	55	2.6	1	1 54
26	98	2.6	1	0 98
27	311	2.6	1	0 311
28	214	2.6	1	0 214
29	99	2.6	1	0 99
30	520	2.6	1	1 519
31	158	2.6	1	1 157
32	48	2.6	1	0 48
33	18	2.6	1	0 18
34	168	2.6	1	0 168
35	90	2.6	1	0 90
36	190	2.6	1	1 189
37	120	2.6	1	0 120
38	93	2.6	1	0 93
39	111	2.6	1	0 111
40	106	2.6	1	0 106
41	86	2.6	1	1 85
42	66	2.6	1	1 65
43	496	2.6	1	0 496
44	110	2.6	1	0 110
45	68	2.6	1	0 68
46	74	2.6	1	0 74
47	53	2.6	1	0 53
48	87	2.6	1	0 87
49	26	2.6	1	0 26
50	38	2.6	1	0 38
51	17	2.6	1	0 17
52	21	2.6	1	0 21
53	91	2.6	1	0 91
54	19	2.6	1	0 19
55	22	2.6	1	0 22
56	71	2.6	1	0 71
57	79	2.6	1	0 79
58	203	2.6	1	0 203
59	81	2.6	1	0 81
60	41	2.6	1	0 41
61	61	2.6	1	0 61
62	78	2.6	1	0 78
63	89	2.6	1	0 89
64	210	2.6	1	1 209
65	41	2.6	1	1 40

RUN STATISTICS FOR INPUT FILE: data/SRR10379722.fastq
=============================================
44202702 sequences processed in total
Sequences removed because they became shorter than the length cutoff of 25 bp:	2700 (0.0%)

